2021-09-24 08:33:14.800 | INFO     | src.ARKAutoML.ARKAutoML:add_project_config_to_logs:43 - 
{'BASE_INPUT_PATH': '../input/',
 'BASE_OUTPUT_PATH': '../output/',
 'DATA_PATH': '../input/../input/train.csv',
 'FILE_NAME': '../input/train.csv',
 'FOLD_METHOD': 'StratifiedKFold',
 'PROBLEM_TYPE': 'classification',
 'PROJECT_NAME': 'MySampleProject',
 'SUB_PROJECT_NAME': 'Sample_1',
 'TARGET_COL': 'customer_category',
 'cat_cols': ['customer_active_segment', 'X1'],
 'cont_cols': ['customer_visit_score',
               'customer_product_search_score',
               'customer_ctr_score',
               'customer_stay_score',
               'customer_frequency_score',
               'customer_product_variation_score',
               'customer_order_score',
               'customer_affinity_score']}
2021-09-24 08:33:15.140 | INFO     | src.ARKAutoML.ARKAutoML:objective:79 - Trial No : 0, accuracy : 0.9758, Params : {'model_algo': 'lgb', 'num_leaves': 42, 'min_child_samples': 137, 'min_child_weight': 4, 'subsample': 1.0, 'colsample_bytree': 0.6, 'reg_alpha': 13.1, 'reg_lambda': 60.1}
                        Accuracy : 0.976  F1_score_0 : 0.986  F1_score_1 : 0.894  Precision_0 : 0.979  Precision_1 : 0.948  Recall_0 : 0.994  Recall_1 : 0.846  Roc_auc : 0.967
2021-09-24 08:33:15.405 | INFO     | src.ARKAutoML.ARKAutoML:objective:79 - Trial No : 1, accuracy : 0.9752, Params : {'model_algo': 'lgb', 'num_leaves': 33, 'min_child_samples': 419, 'min_child_weight': 6, 'subsample': 0.9, 'colsample_bytree': 0.8, 'reg_alpha': 84.1, 'reg_lambda': 18.1}
                        Accuracy : 0.975  F1_score_0 : 0.986  F1_score_1 : 0.891  Precision_0 : 0.978  Precision_1 : 0.953  Recall_0 : 0.994  Recall_1 : 0.836  Roc_auc : 0.958
2021-09-24 08:33:15.514 | INFO     | src.ARKAutoML.ARKAutoML:objective:79 - Trial No : 2, accuracy : 0.9721, Params : {'model_algo': 'lgb', 'num_leaves': 31, 'min_child_samples': 138, 'min_child_weight': 7, 'subsample': 0.7, 'colsample_bytree': 0.6, 'reg_alpha': 99.1, 'reg_lambda': 28.1}
                        Accuracy : 0.972  F1_score_0 : 0.984  F1_score_1 : 0.875  Precision_0 : 0.974  Precision_1 : 0.952  Recall_0 : 0.994  Recall_1 : 0.81  Roc_auc : 0.957
2021-09-24 08:33:15.625 | INFO     | src.ARKAutoML.ARKAutoML:objective:79 - Trial No : 3, accuracy : 0.9739, Params : {'model_algo': 'lgb', 'num_leaves': 22, 'min_child_samples': 458, 'min_child_weight': 2, 'subsample': 0.7, 'colsample_bytree': 0.9, 'reg_alpha': 53.1, 'reg_lambda': 52.1}
                        Accuracy : 0.974  F1_score_0 : 0.985  F1_score_1 : 0.885  Precision_0 : 0.977  Precision_1 : 0.947  Recall_0 : 0.994  Recall_1 : 0.831  Roc_auc : 0.959
2021-09-24 08:33:15.737 | INFO     | src.ARKAutoML.ARKAutoML:objective:79 - Trial No : 4, accuracy : 0.9752, Params : {'model_algo': 'lgb', 'num_leaves': 17, 'min_child_samples': 206, 'min_child_weight': 3, 'subsample': 0.6, 'colsample_bytree': 0.7, 'reg_alpha': 81.1, 'reg_lambda': 69.1}
                        Accuracy : 0.975  F1_score_0 : 0.986  F1_score_1 : 0.891  Precision_0 : 0.978  Precision_1 : 0.948  Recall_0 : 0.994  Recall_1 : 0.841  Roc_auc : 0.959
2021-09-24 08:33:15.852 | INFO     | src.ARKAutoML.ARKAutoML:objective:79 - Trial No : 5, accuracy : 0.9752, Params : {'model_algo': 'lgb', 'num_leaves': 14, 'min_child_samples': 317, 'min_child_weight': 7, 'subsample': 1.0, 'colsample_bytree': 0.8, 'reg_alpha': 43.1, 'reg_lambda': 14.1}
                        Accuracy : 0.975  F1_score_0 : 0.986  F1_score_1 : 0.891  Precision_0 : 0.978  Precision_1 : 0.948  Recall_0 : 0.994  Recall_1 : 0.841  Roc_auc : 0.962
2021-09-24 08:33:15.982 | INFO     | src.ARKAutoML.ARKAutoML:objective:79 - Trial No : 6, accuracy : 0.9758, Params : {'model_algo': 'lgb', 'num_leaves': 43, 'min_child_samples': 184, 'min_child_weight': 7, 'subsample': 0.9, 'colsample_bytree': 0.7, 'reg_alpha': 10.1, 'reg_lambda': 12.1}
                        Accuracy : 0.976  F1_score_0 : 0.986  F1_score_1 : 0.895  Precision_0 : 0.98  Precision_1 : 0.943  Recall_0 : 0.993  Recall_1 : 0.851  Roc_auc : 0.968
2021-09-24 08:33:16.106 | INFO     | src.ARKAutoML.ARKAutoML:objective:79 - Trial No : 7, accuracy : 0.9752, Params : {'model_algo': 'lgb', 'num_leaves': 36, 'min_child_samples': 294, 'min_child_weight': 2, 'subsample': 0.7, 'colsample_bytree': 1.0, 'reg_alpha': 80.1, 'reg_lambda': 49.1}
                        Accuracy : 0.975  F1_score_0 : 0.986  F1_score_1 : 0.891  Precision_0 : 0.978  Precision_1 : 0.953  Recall_0 : 0.994  Recall_1 : 0.836  Roc_auc : 0.958
2021-09-24 08:33:16.221 | INFO     | src.ARKAutoML.ARKAutoML:objective:79 - Trial No : 8, accuracy : 0.9745, Params : {'model_algo': 'lgb', 'num_leaves': 41, 'min_child_samples': 467, 'min_child_weight': 2, 'subsample': 0.9, 'colsample_bytree': 0.9, 'reg_alpha': 50.1, 'reg_lambda': 57.1}
                        Accuracy : 0.975  F1_score_0 : 0.986  F1_score_1 : 0.888  Precision_0 : 0.978  Precision_1 : 0.948  Recall_0 : 0.994  Recall_1 : 0.836  Roc_auc : 0.961
2021-09-24 08:33:16.340 | INFO     | src.ARKAutoML.ARKAutoML:objective:79 - Trial No : 9, accuracy : 0.9752, Params : {'model_algo': 'lgb', 'num_leaves': 44, 'min_child_samples': 223, 'min_child_weight': 7, 'subsample': 0.7, 'colsample_bytree': 1.0, 'reg_alpha': 64.1, 'reg_lambda': 27.1}
                        Accuracy : 0.975  F1_score_0 : 0.986  F1_score_1 : 0.892  Precision_0 : 0.979  Precision_1 : 0.943  Recall_0 : 0.993  Recall_1 : 0.846  Roc_auc : 0.958
2021-09-24 08:33:16.497 | INFO     | src.ARKAutoML.ARKAutoML:objective:79 - Trial No : 10, accuracy : 0.9752, Params : {'model_algo': 'lgb', 'num_leaves': 50, 'min_child_samples': 338, 'min_child_weight': 5, 'subsample': 1.0, 'colsample_bytree': 0.6, 'reg_alpha': 1.1, 'reg_lambda': 86.1}
                        Accuracy : 0.975  F1_score_0 : 0.986  F1_score_1 : 0.891  Precision_0 : 0.978  Precision_1 : 0.948  Recall_0 : 0.994  Recall_1 : 0.841  Roc_auc : 0.966
2021-09-24 08:33:16.642 | INFO     | src.ARKAutoML.ARKAutoML:objective:79 - Trial No : 11, accuracy : 0.9752, Params : {'model_algo': 'lgb', 'num_leaves': 50, 'min_child_samples': 108, 'min_child_weight': 4, 'subsample': 0.9, 'colsample_bytree': 0.7, 'reg_alpha': 8.1, 'reg_lambda': 86.1}
                        Accuracy : 0.975  F1_score_0 : 0.986  F1_score_1 : 0.892  Precision_0 : 0.979  Precision_1 : 0.943  Recall_0 : 0.993  Recall_1 : 0.846  Roc_auc : 0.967
2021-09-24 08:33:16.775 | INFO     | src.ARKAutoML.ARKAutoML:objective:79 - Trial No : 12, accuracy : 0.9752, Params : {'model_algo': 'lgb', 'num_leaves': 42, 'min_child_samples': 171, 'min_child_weight': 5, 'subsample': 1.0, 'colsample_bytree': 0.7, 'reg_alpha': 20.1, 'reg_lambda': 2.1}
                        Accuracy : 0.975  F1_score_0 : 0.986  F1_score_1 : 0.891  Precision_0 : 0.978  Precision_1 : 0.948  Recall_0 : 0.994  Recall_1 : 0.841  Roc_auc : 0.967
2021-09-24 08:33:16.916 | INFO     | src.ARKAutoML.ARKAutoML:objective:79 - Trial No : 13, accuracy : 0.9739, Params : {'model_algo': 'lgb', 'num_leaves': 26, 'min_child_samples': 111, 'min_child_weight': 1, 'subsample': 0.9, 'colsample_bytree': 0.6, 'reg_alpha': 26.1, 'reg_lambda': 70.1}
                        Accuracy : 0.974  F1_score_0 : 0.985  F1_score_1 : 0.886  Precision_0 : 0.978  Precision_1 : 0.942  Recall_0 : 0.993  Recall_1 : 0.836  Roc_auc : 0.965
2021-09-24 08:33:17.061 | INFO     | src.ARKAutoML.ARKAutoML:objective:79 - Trial No : 14, accuracy : 0.9752, Params : {'model_algo': 'lgb', 'num_leaves': 50, 'min_child_samples': 253, 'min_child_weight': 5, 'subsample': 0.8, 'colsample_bytree': 0.7, 'reg_alpha': 18.1, 'reg_lambda': 41.1}
                        Accuracy : 0.975  F1_score_0 : 0.986  F1_score_1 : 0.891  Precision_0 : 0.978  Precision_1 : 0.948  Recall_0 : 0.994  Recall_1 : 0.841  Roc_auc : 0.967
2021-09-24 08:33:17.198 | INFO     | src.ARKAutoML.ARKAutoML:objective:79 - Trial No : 15, accuracy : 0.9733, Params : {'model_algo': 'lgb', 'num_leaves': 37, 'min_child_samples': 170, 'min_child_weight': 4, 'subsample': 0.8, 'colsample_bytree': 0.6, 'reg_alpha': 35.1, 'reg_lambda': 99.1}
                        Accuracy : 0.973  F1_score_0 : 0.985  F1_score_1 : 0.883  Precision_0 : 0.977  Precision_1 : 0.942  Recall_0 : 0.993  Recall_1 : 0.831  Roc_auc : 0.962
2021-09-24 08:33:17.342 | INFO     | src.ARKAutoML.ARKAutoML:objective:79 - Trial No : 16, accuracy : 0.9752, Params : {'model_algo': 'lgb', 'num_leaves': 45, 'min_child_samples': 101, 'min_child_weight': 6, 'subsample': 1.0, 'colsample_bytree': 0.7, 'reg_alpha': 4.1, 'reg_lambda': 70.1}
                        Accuracy : 0.975  F1_score_0 : 0.986  F1_score_1 : 0.892  Precision_0 : 0.979  Precision_1 : 0.943  Recall_0 : 0.993  Recall_1 : 0.846  Roc_auc : 0.968
2021-09-24 08:33:17.481 | INFO     | src.ARKAutoML.ARKAutoML:objective:79 - Trial No : 17, accuracy : 0.9752, Params : {'model_algo': 'lgb', 'num_leaves': 38, 'min_child_samples': 167, 'min_child_weight': 3, 'subsample': 0.9, 'colsample_bytree': 0.6, 'reg_alpha': 13.1, 'reg_lambda': 2.1}
                        Accuracy : 0.975  F1_score_0 : 0.986  F1_score_1 : 0.892  Precision_0 : 0.979  Precision_1 : 0.943  Recall_0 : 0.993  Recall_1 : 0.846  Roc_auc : 0.968
2021-09-24 08:33:17.618 | INFO     | src.ARKAutoML.ARKAutoML:objective:79 - Trial No : 18, accuracy : 0.9758, Params : {'model_algo': 'lgb', 'num_leaves': 46, 'min_child_samples': 257, 'min_child_weight': 6, 'subsample': 1.0, 'colsample_bytree': 0.8, 'reg_alpha': 27.1, 'reg_lambda': 37.1}
                        Accuracy : 0.976  F1_score_0 : 0.986  F1_score_1 : 0.894  Precision_0 : 0.979  Precision_1 : 0.948  Recall_0 : 0.994  Recall_1 : 0.846  Roc_auc : 0.965
2021-09-24 08:33:17.757 | INFO     | src.ARKAutoML.ARKAutoML:objective:79 - Trial No : 19, accuracy : 0.9764, Params : {'model_algo': 'lgb', 'num_leaves': 27, 'min_child_samples': 382, 'min_child_weight': 1, 'subsample': 0.8, 'colsample_bytree': 0.7, 'reg_alpha': 2.1, 'reg_lambda': 60.1}
                        Accuracy : 0.976  F1_score_0 : 0.987  F1_score_1 : 0.897  Precision_0 : 0.98  Precision_1 : 0.949  Recall_0 : 0.994  Recall_1 : 0.851  Roc_auc : 0.965
2021-09-24 08:33:17.860 | INFO     | src.ARKAutoML.ARKAutoML:get_crossvalidated_results_for_best_model:133 - Best Model : lgb, Model Params : {'num_leaves': 27, 'min_child_samples': 382, 'min_child_weight': 1, 'subsample': 0.8, 'colsample_bytree': 0.7, 'reg_alpha': 2.1, 'reg_lambda': 60.1}
2021-09-24 08:33:17.897 | INFO     | src.ARKAutoML.ARKAutoML:get_crossvalidated_results_for_best_model:139 - Fold : 1, Train Shape : (6442, 10), Test Shape : (1611, 10)
2021-09-24 08:33:17.917 | INFO     | src.ARKAutoML.metrics:model_metrics:43 - Accuracy : 0.976  Precision_1 : 0.949  Recall_1 : 0.851  F1_score_1 : 0.897  Precision_0 : 0.98  Recall_0 : 0.994  F1_score_0 : 0.987  Roc_auc : 0.965
2021-09-24 08:33:17.920 | INFO     | src.ARKAutoML.metrics:model_metrics:44 - 
 [[1407    9]
 [  29  166]]
2021-09-24 08:33:17.926 | INFO     | src.ARKAutoML.metrics:model_metrics:45 - 
               precision    recall  f1-score   support

           0       0.98      0.99      0.99      1416
           1       0.95      0.85      0.90       195

    accuracy                           0.98      1611
   macro avg       0.96      0.92      0.94      1611
weighted avg       0.98      0.98      0.98      1611

2021-09-24 08:33:18.018 | INFO     | src.ARKAutoML.ARKAutoML:get_crossvalidated_results_for_best_model:139 - Fold : 2, Train Shape : (6442, 10), Test Shape : (1611, 10)
2021-09-24 08:33:18.036 | INFO     | src.ARKAutoML.metrics:model_metrics:43 - Accuracy : 0.978  Precision_1 : 0.93  Recall_1 : 0.887  F1_score_1 : 0.908  Precision_0 : 0.985  Recall_0 : 0.991  F1_score_0 : 0.988  Roc_auc : 0.975
2021-09-24 08:33:18.040 | INFO     | src.ARKAutoML.metrics:model_metrics:44 - 
 [[1403   13]
 [  22  173]]
2021-09-24 08:33:18.046 | INFO     | src.ARKAutoML.metrics:model_metrics:45 - 
               precision    recall  f1-score   support

           0       0.98      0.99      0.99      1416
           1       0.93      0.89      0.91       195

    accuracy                           0.98      1611
   macro avg       0.96      0.94      0.95      1611
weighted avg       0.98      0.98      0.98      1611

2021-09-24 08:33:18.136 | INFO     | src.ARKAutoML.ARKAutoML:get_crossvalidated_results_for_best_model:139 - Fold : 3, Train Shape : (6442, 10), Test Shape : (1611, 10)
2021-09-24 08:33:18.152 | INFO     | src.ARKAutoML.metrics:model_metrics:43 - Accuracy : 0.975  Precision_1 : 0.928  Recall_1 : 0.862  F1_score_1 : 0.894  Precision_0 : 0.981  Recall_0 : 0.991  F1_score_0 : 0.986  Roc_auc : 0.978
2021-09-24 08:33:18.155 | INFO     | src.ARKAutoML.metrics:model_metrics:44 - 
 [[1403   13]
 [  27  168]]
2021-09-24 08:33:18.162 | INFO     | src.ARKAutoML.metrics:model_metrics:45 - 
               precision    recall  f1-score   support

           0       0.98      0.99      0.99      1416
           1       0.93      0.86      0.89       195

    accuracy                           0.98      1611
   macro avg       0.95      0.93      0.94      1611
weighted avg       0.97      0.98      0.97      1611

2021-09-24 08:33:18.251 | INFO     | src.ARKAutoML.ARKAutoML:get_crossvalidated_results_for_best_model:139 - Fold : 4, Train Shape : (6443, 10), Test Shape : (1610, 10)
2021-09-24 08:33:18.267 | INFO     | src.ARKAutoML.metrics:model_metrics:43 - Accuracy : 0.971  Precision_1 : 0.962  Recall_1 : 0.789  F1_score_1 : 0.867  Precision_0 : 0.972  Recall_0 : 0.996  F1_score_0 : 0.984  Roc_auc : 0.969
2021-09-24 08:33:18.270 | INFO     | src.ARKAutoML.metrics:model_metrics:44 - 
 [[1410    6]
 [  41  153]]
2021-09-24 08:33:18.277 | INFO     | src.ARKAutoML.metrics:model_metrics:45 - 
               precision    recall  f1-score   support

           0       0.97      1.00      0.98      1416
           1       0.96      0.79      0.87       194

    accuracy                           0.97      1610
   macro avg       0.97      0.89      0.93      1610
weighted avg       0.97      0.97      0.97      1610

2021-09-24 08:33:18.364 | INFO     | src.ARKAutoML.ARKAutoML:get_crossvalidated_results_for_best_model:139 - Fold : 5, Train Shape : (6443, 10), Test Shape : (1610, 10)
2021-09-24 08:33:18.379 | INFO     | src.ARKAutoML.metrics:model_metrics:43 - Accuracy : 0.97  Precision_1 : 0.929  Recall_1 : 0.814  F1_score_1 : 0.868  Precision_0 : 0.975  Recall_0 : 0.992  F1_score_0 : 0.983  Roc_auc : 0.967
2021-09-24 08:33:18.382 | INFO     | src.ARKAutoML.metrics:model_metrics:44 - 
 [[1404   12]
 [  36  158]]
2021-09-24 08:33:18.388 | INFO     | src.ARKAutoML.metrics:model_metrics:45 - 
               precision    recall  f1-score   support

           0       0.97      0.99      0.98      1416
           1       0.93      0.81      0.87       194

    accuracy                           0.97      1610
   macro avg       0.95      0.90      0.93      1610
weighted avg       0.97      0.97      0.97      1610

2021-09-24 08:33:18.448 | INFO     | src.ARKAutoML.ARKAutoML:get_crossvalidated_results_for_best_model:150 - Feature Importance : 
+----+----------------------------------+--------------+
|    | features                         |   importance |
|----+----------------------------------+--------------|
|  0 | customer_ctr_score               |   0.303459   |
|  1 | customer_stay_score              |   0.170642   |
|  2 | customer_product_variation_score |   0.136726   |
|  3 | customer_product_search_score    |   0.114543   |
|  4 | customer_frequency_score         |   0.0966771  |
|  5 | customer_visit_score             |   0.0696199  |
|  6 | customer_affinity_score          |   0.0612011  |
|  7 | customer_order_score             |   0.0365328  |
|  8 | X1                               |   0.00682195 |
|  9 | customer_active_segment          |   0.00377657 |
+----+----------------------------------+--------------+
2021-09-24 08:33:18.454 | INFO     | src.ARKAutoML.ARKAutoML:get_crossvalidated_results_for_best_model:154 - Metrics by different Cut Offs : 
+----------------+------------+---------------+------------+--------------+---------------+------------+--------------+
|   prob_cut_off |   accuracy |   precision_1 |   recall_1 |   f1_score_1 |   precision_0 |   recall_0 |   f1_score_0 |
|----------------+------------+---------------+------------+--------------+---------------+------------+--------------|
|           0.5  |   0.97417  |      0.939706 |   0.840619 |     0.886808 |      0.978446 |   0.992514 |     0.98542  |
|           0.55 |   0.973674 |      0.944909 |   0.831383 |     0.883827 |      0.977237 |   0.99322  |     0.985153 |
|           0.6  |   0.973425 |      0.948014 |   0.826238 |     0.882091 |      0.976576 |   0.993644 |     0.985023 |
|           0.65 |   0.973425 |      0.95099  |   0.823151 |     0.881718 |      0.976175 |   0.994068 |     0.985029 |
|           0.7  |   0.973176 |      0.958359 |   0.813894 |     0.87947  |      0.974985 |   0.995056 |     0.984907 |
+----------------+------------+---------------+------------+--------------+---------------+------------+--------------+
2021-09-24 08:33:18.456 | INFO     | src.ARKAutoML.ARKAutoML:get_crossvalidated_results_for_best_model:157 - *** Cross Validated Final Results : *** 
Accuracy : 0.974  Precision_1 : 0.94  Recall_1 : 0.841  F1_score_1 : 0.887  Precision_0 : 0.978  Recall_0 : 0.993  F1_score_0 : 0.985  Roc_auc : 0.971
2021-09-24 08:33:18.579 | INFO     | src.ARKAutoML.ARKAutoML:train_best_model:190 - Training "lgb" Model with Best Params : {'num_leaves': 27, 'min_child_samples': 382, 'min_child_weight': 1, 'subsample': 0.8, 'colsample_bytree': 0.7, 'reg_alpha': 2.1, 'reg_lambda': 60.1}
2021-09-24 08:33:18.654 | INFO     | src.ARKAutoML.metrics:model_metrics:43 - Accuracy : 0.975  Precision_1 : 0.944  Recall_1 : 0.844  F1_score_1 : 0.891  Precision_0 : 0.979  Recall_0 : 0.993  F1_score_0 : 0.986  Roc_auc : 0.981
2021-09-24 08:33:18.662 | INFO     | src.ARKAutoML.metrics:model_metrics:44 - 
 [[7031   49]
 [ 152  821]]
2021-09-24 08:33:18.675 | INFO     | src.ARKAutoML.metrics:model_metrics:45 - 
               precision    recall  f1-score   support

           0       0.98      0.99      0.99      7080
           1       0.94      0.84      0.89       973

    accuracy                           0.98      8053
   macro avg       0.96      0.92      0.94      8053
weighted avg       0.97      0.98      0.97      8053

2021-09-24 08:33:18.680 | INFO     | src.ARKAutoML.ARKAutoML:train_best_model:196 - Best Model Feature Importance : 
+----+----------------------------------+--------------+
|    | features                         |   importance |
|----+----------------------------------+--------------|
|  0 | customer_ctr_score               |   0.264574   |
|  1 | customer_stay_score              |   0.188341   |
|  2 | customer_product_variation_score |   0.130045   |
|  3 | customer_frequency_score         |   0.107623   |
|  4 | customer_product_search_score    |   0.103139   |
|  5 | customer_visit_score             |   0.0926756  |
|  6 | customer_affinity_score          |   0.0717489  |
|  7 | customer_order_score             |   0.0224215  |
|  8 | X1                               |   0.0179372  |
|  9 | customer_active_segment          |   0.00149477 |
+----+----------------------------------+--------------+
2021-09-24 08:33:18.744 | INFO     | src.ARKAutoML.ARKAutoML:score_validation_data:219 - Scoring Validation Data : Validation Shape : (2685, 10)
2021-09-24 08:33:18.777 | INFO     | src.ARKAutoML.metrics:model_metrics:43 - Accuracy : 0.978  Precision_1 : 0.961  Recall_1 : 0.851  F1_score_1 : 0.903  Precision_0 : 0.98  Recall_0 : 0.995  F1_score_0 : 0.988  Roc_auc : 0.983
2021-09-24 08:33:18.781 | INFO     | src.ARKAutoML.metrics:model_metrics:44 - 
 [[2352   11]
 [  48  274]]
2021-09-24 08:33:18.789 | INFO     | src.ARKAutoML.metrics:model_metrics:45 - 
               precision    recall  f1-score   support

           0       0.98      1.00      0.99      2363
           1       0.96      0.85      0.90       322

    accuracy                           0.98      2685
   macro avg       0.97      0.92      0.95      2685
weighted avg       0.98      0.98      0.98      2685

2021-09-24 08:33:18.863 | INFO     | src.ARKAutoML.ARKAutoML:score_validation_data:222 - Metrics by different Cut Offs : 
+----------------+------------+---------------+------------+--------------+---------------+------------+--------------+
|   prob_cut_off |   accuracy |   precision_1 |   recall_1 |   f1_score_1 |   precision_0 |   recall_0 |   f1_score_0 |
|----------------+------------+---------------+------------+--------------+---------------+------------+--------------|
|           0.5  |   0.978026 |      0.961404 |   0.850932 |     0.902801 |      0.98     |   0.995345 |     0.987613 |
|           0.55 |   0.977654 |      0.961268 |   0.847826 |     0.90099  |      0.979592 |   0.995345 |     0.987406 |
|           0.6  |   0.977654 |      0.964539 |   0.84472  |     0.900662 |      0.979193 |   0.995768 |     0.987411 |
|           0.65 |   0.977281 |      0.967742 |   0.838509 |     0.898502 |      0.978387 |   0.996191 |     0.987209 |
|           0.7  |   0.975419 |      0.967153 |   0.822981 |     0.889262 |      0.976358 |   0.996191 |     0.986175 |
+----------------+------------+---------------+------------+--------------+---------------+------------+--------------+
2021-09-24 08:33:18.900 | INFO     | src.ARKAutoML.ARKAutoML:save_best_model:205 - ..\output\MySampleProject\Sample_1\models\best_model_preprocessor.pkl
2021-09-24 08:33:18.901 | INFO     | src.ARKAutoML.ARKAutoML:save_best_model:206 - ..\output\MySampleProject\Sample_1\models\best_model.pkl
2021-09-24 08:33:19.024 | INFO     | src.ARKAutoML.ARKAutoML:add_project_config_to_logs:43 - 
{'BASE_INPUT_PATH': '../input/',
 'BASE_OUTPUT_PATH': '../output/',
 'DATA_PATH': '../input/../input/train.csv',
 'FILE_NAME': '../input/train.csv',
 'FOLD_METHOD': 'StratifiedKFold',
 'PROBLEM_TYPE': 'classification',
 'PROJECT_NAME': 'MySampleProject',
 'SUB_PROJECT_NAME': 'Sample_1',
 'TARGET_COL': 'customer_category',
 'cat_cols': ['customer_active_segment', 'X1'],
 'cont_cols': ['customer_visit_score',
               'customer_product_search_score',
               'customer_ctr_score',
               'customer_stay_score',
               'customer_frequency_score',
               'customer_product_variation_score',
               'customer_order_score',
               'customer_affinity_score']}
2021-09-24 08:33:19.167 | INFO     | src.ARKAutoML.ARKAutoML:add_project_config_to_logs:43 - 
{'BASE_INPUT_PATH': '../input/',
 'BASE_OUTPUT_PATH': '../output/',
 'DATA_PATH': '../input/../input/train.csv',
 'FILE_NAME': '../input/train.csv',
 'FOLD_METHOD': 'StratifiedKFold',
 'PROBLEM_TYPE': 'classification',
 'PROJECT_NAME': 'MySampleProject',
 'SUB_PROJECT_NAME': 'Sample_1',
 'TARGET_COL': 'customer_category',
 'cat_cols': ['customer_active_segment', 'X1'],
 'cont_cols': ['customer_visit_score',
               'customer_product_search_score',
               'customer_ctr_score',
               'customer_stay_score',
               'customer_frequency_score',
               'customer_product_variation_score',
               'customer_order_score',
               'customer_affinity_score']}
2021-09-24 08:33:19.971 | INFO     | src.ARKAutoML.ARKAutoML:objective:79 - Trial No : 0, accuracy : 0.9769, Params : {'model_algo': 'rf', 'max_depth': 5, 'n_estimators': 348, 'min_samples_split': 58, 'min_samples_leaf': 21}
                        Accuracy : 0.977  F1_score_0 : 0.987  F1_score_1 : 0.898  Precision_0 : 0.979  Precision_1 : 0.958  Recall_0 : 0.995  Recall_1 : 0.845  Roc_auc : 0.98
